Build started 2013-10-26 7:12:46 PM.
     1>Project "C:\Users\Eran-Tasker (Sager)\Documents\Visual Studio 2012\Projects\RGB2Gray\RGB2Gray\RGB2Gray.vcxproj" on node 2 (Build target(s)).
     1>AddCudaCompileDeps:
         C:\Program Files (x86)\Microsoft Visual Studio 11.0\VC\bin\cl.exe /E /nologo /showIncludes /TP /D__CUDACC__ /DWIN32 /D_DEBUG /D_CONSOLE /D_MBCS /IC:\opencv\build\include /I"C:\Program Files\NVIDIA GPU Computing Toolkit\CUDA\v5.5\include" /I"C:\Program Files\NVIDIA GPU Computing Toolkit\CUDA\v5.5\bin" /I"C:\Program Files\NVIDIA GPU Computing Toolkit\CUDA\v5.5\include" /I. /FIcuda_runtime.h /c "C:\Users\Eran-Tasker (Sager)\Documents\Visual Studio 2012\Projects\RGB2Gray\RGB2Gray\student_func.cu" 
       CudaBuild:
         Compiling CUDA source file student_func.cu...
         cmd.exe /C "C:\Users\Eran-Tasker (Sager)\AppData\Local\Temp\tmp32c2622636634419998c80f9f9d9e386.cmd"
         "C:\Program Files\NVIDIA GPU Computing Toolkit\CUDA\v5.5\bin\nvcc.exe" -gencode=arch=compute_30,code=\"sm_30,compute_30\" --use-local-env --cl-version 2012 -ccbin "C:\Program Files (x86)\Microsoft Visual Studio 11.0\VC\bin"  -IC:\opencv\build\include -I"C:\Program Files\NVIDIA GPU Computing Toolkit\CUDA\v5.5\include" -I"C:\Program Files\NVIDIA GPU Computing Toolkit\CUDA\v5.5\include"  -G   --keep-dir Debug -maxrregcount=0  --machine 32 --compile -cudart static  -g   -DWIN32 -D_DEBUG -D_CONSOLE -D_MBCS -Xcompiler "/EHsc /W3 /nologo /Od /Zi /RTC1 /MDd  " -o Debug\student_func.cu.obj "C:\Users\Eran-Tasker (Sager)\Documents\Visual Studio 2012\Projects\RGB2Gray\RGB2Gray\student_func.cu"
         
         C:\Users\Eran-Tasker (Sager)\Documents\Visual Studio 2012\Projects\RGB2Gray\RGB2Gray>"C:\Program Files\NVIDIA GPU Computing Toolkit\CUDA\v5.5\bin\nvcc.exe" -gencode=arch=compute_30,code=\"sm_30,compute_30\" --use-local-env --cl-version 2012 -ccbin "C:\Program Files (x86)\Microsoft Visual Studio 11.0\VC\bin"  -IC:\opencv\build\include -I"C:\Program Files\NVIDIA GPU Computing Toolkit\CUDA\v5.5\include" -I"C:\Program Files\NVIDIA GPU Computing Toolkit\CUDA\v5.5\include"  -G   --keep-dir Debug -maxrregcount=0  --machine 32 --compile -cudart static  -g   -DWIN32 -D_DEBUG -D_CONSOLE -D_MBCS -Xcompiler "/EHsc /W3 /nologo /Od /Zi /RTC1 /MDd  " -o Debug\student_func.cu.obj "C:\Users\Eran-Tasker (Sager)\Documents\Visual Studio 2012\Projects\RGB2Gray\RGB2Gray\student_func.cu" 
       ClCompile:
         C:\Program Files (x86)\Microsoft Visual Studio 11.0\VC\bin\CL.exe /c /IC:\opencv\build\include /I"C:\Program Files\NVIDIA GPU Computing Toolkit\CUDA\v5.5\include" /ZI /nologo /W3 /WX- /Od /Oy- /D WIN32 /D _DEBUG /D _CONSOLE /D _MBCS /Gm /EHsc /RTC1 /MDd /GS /fp:precise /Zc:wchar_t /Zc:forScope /Fo"Debug\\" /Fd"Debug\vc110.pdb" /Gd /TP /analyze- /errorReport:prompt compare.cpp HW1.cpp main.cpp reference_calc.cpp
         reference_calc.cpp
     1>c:\users\eran-tasker (sager)\documents\visual studio 2012\projects\rgb2gray\rgb2gray\reference_calc.cpp(12): warning C4244: '=' : conversion from 'float' to 'unsigned char', possible loss of data
         main.cpp
         HW1.cpp
         compare.cpp
         Generating Code...
       Link:
         C:\Program Files (x86)\Microsoft Visual Studio 11.0\VC\bin\link.exe /ERRORREPORT:PROMPT /OUT:"C:\Users\Eran-Tasker (Sager)\Documents\Visual Studio 2012\Projects\RGB2Gray\Debug\RGB2Gray.exe" /INCREMENTAL /NOLOGO /LIBPATH:C:\opencv\build\x86\vc11\lib /LIBPATH:"C:\Program Files\NVIDIA GPU Computing Toolkit\CUDA\v5.5\lib\Win32" cudart.lib kernel32.lib user32.lib gdi32.lib winspool.lib comdlg32.lib advapi32.lib shell32.lib ole32.lib oleaut32.lib uuid.lib odbc32.lib odbccp32.lib opencv_core246d.lib opencv_imgproc246d.lib opencv_highgui246d.lib opencv_ml246d.lib opencv_video246d.lib opencv_features2d246d.lib opencv_calib3d246d.lib opencv_objdetect246d.lib opencv_contrib246d.lib opencv_legacy246d.lib opencv_flann246d.lib kernel32.lib user32.lib gdi32.lib winspool.lib comdlg32.lib advapi32.lib shell32.lib ole32.lib oleaut32.lib uuid.lib odbc32.lib odbccp32.lib /MANIFEST /MANIFESTUAC:"level='asInvoker' uiAccess='false'" /manifest:embed /DEBUG /PDB:"C:\Users\Eran-Tasker (Sager)\Documents\Visual Studio 2012\Projects\RGB2Gray\Debug\RGB2Gray.pdb" /SUBSYSTEM:CONSOLE /TLBID:1 /DYNAMICBASE /NXCOMPAT /IMPLIB:"C:\Users\Eran-Tasker (Sager)\Documents\Visual Studio 2012\Projects\RGB2Gray\Debug\RGB2Gray.lib" /MACHINE:X86 Debug\student_func.cu.obj
         Debug\compare.obj
         Debug\HW1.obj
         Debug\main.obj
         Debug\reference_calc.obj
         RGB2Gray.vcxproj -> C:\Users\Eran-Tasker (Sager)\Documents\Visual Studio 2012\Projects\RGB2Gray\Debug\RGB2Gray.exe
       PostBuildEvent:
         echo copy "C:\Program Files\NVIDIA GPU Computing Toolkit\CUDA\v5.5\bin\cudart*.dll" "C:\Users\Eran-Tasker (Sager)\Documents\Visual Studio 2012\Projects\RGB2Gray\Debug\"
         copy "C:\Program Files\NVIDIA GPU Computing Toolkit\CUDA\v5.5\bin\cudart*.dll" "C:\Users\Eran-Tasker (Sager)\Documents\Visual Studio 2012\Projects\RGB2Gray\Debug\"
         :VCEnd
         copy "C:\Program Files\NVIDIA GPU Computing Toolkit\CUDA\v5.5\bin\cudart*.dll" "C:\Users\Eran-Tasker (Sager)\Documents\Visual Studio 2012\Projects\RGB2Gray\Debug\"
         C:\Program Files\NVIDIA GPU Computing Toolkit\CUDA\v5.5\bin\cudart32_55.dll
         C:\Program Files\NVIDIA GPU Computing Toolkit\CUDA\v5.5\bin\cudart64_55.dll
                 2 file(s) copied.
     1>Done Building Project "C:\Users\Eran-Tasker (Sager)\Documents\Visual Studio 2012\Projects\RGB2Gray\RGB2Gray\RGB2Gray.vcxproj" (Build target(s)).

Build succeeded.

Time Elapsed 00:00:13.30
