C:\USERS\ERAN-TASKER (SAGER)\DOCUMENTS\VISUAL STUDIO 2012\PROJECTS\RGB2GRAY\RGB2GRAY\DEBUG\COMPARE.OBJ
C:\USERS\ERAN-TASKER (SAGER)\DOCUMENTS\VISUAL STUDIO 2012\PROJECTS\RGB2GRAY\RGB2GRAY\DEBUG\HW1.OBJ
C:\USERS\ERAN-TASKER (SAGER)\DOCUMENTS\VISUAL STUDIO 2012\PROJECTS\RGB2GRAY\RGB2GRAY\DEBUG\MAIN.OBJ
C:\USERS\ERAN-TASKER (SAGER)\DOCUMENTS\VISUAL STUDIO 2012\PROJECTS\RGB2GRAY\RGB2GRAY\DEBUG\REFERENCE_CALC.OBJ
C:\USERS\ERAN-TASKER (SAGER)\DOCUMENTS\VISUAL STUDIO 2012\PROJECTS\RGB2GRAY\RGB2GRAY\DEBUG\VC110.PDB
C:\USERS\ERAN-TASKER (SAGER)\DOCUMENTS\VISUAL STUDIO 2012\PROJECTS\RGB2GRAY\DEBUG\RGB2GRAY.ILK
C:\USERS\ERAN-TASKER (SAGER)\DOCUMENTS\VISUAL STUDIO 2012\PROJECTS\RGB2GRAY\DEBUG\RGB2GRAY.EXE
C:\USERS\ERAN-TASKER (SAGER)\DOCUMENTS\VISUAL STUDIO 2012\PROJECTS\RGB2GRAY\DEBUG\RGB2GRAY.PDB
C:\Users\Eran-Tasker (Sager)\Documents\Visual Studio 2012\Projects\RGB2Gray\RGB2Gray\Debug\student_func.cu.cache
C:\Users\Eran-Tasker (Sager)\Documents\Visual Studio 2012\Projects\RGB2Gray\RGB2Gray\Debug\compare.obj
C:\Users\Eran-Tasker (Sager)\Documents\Visual Studio 2012\Projects\RGB2Gray\RGB2Gray\Debug\HW1.obj
C:\Users\Eran-Tasker (Sager)\Documents\Visual Studio 2012\Projects\RGB2Gray\RGB2Gray\Debug\main.obj
C:\Users\Eran-Tasker (Sager)\Documents\Visual Studio 2012\Projects\RGB2Gray\RGB2Gray\Debug\reference_calc.obj
C:\Users\Eran-Tasker (Sager)\Documents\Visual Studio 2012\Projects\RGB2Gray\RGB2Gray\Debug\student_func.cu.obj
C:\Users\Eran-Tasker (Sager)\Documents\Visual Studio 2012\Projects\RGB2Gray\RGB2Gray\Debug\cl.command.1.tlog
C:\Users\Eran-Tasker (Sager)\Documents\Visual Studio 2012\Projects\RGB2Gray\RGB2Gray\Debug\CL.read.1.tlog
C:\Users\Eran-Tasker (Sager)\Documents\Visual Studio 2012\Projects\RGB2Gray\RGB2Gray\Debug\CL.write.1.tlog
C:\Users\Eran-Tasker (Sager)\Documents\Visual Studio 2012\Projects\RGB2Gray\RGB2Gray\Debug\link-cvtres.read.1.tlog
C:\Users\Eran-Tasker (Sager)\Documents\Visual Studio 2012\Projects\RGB2Gray\RGB2Gray\Debug\link-cvtres.write.1.tlog
C:\Users\Eran-Tasker (Sager)\Documents\Visual Studio 2012\Projects\RGB2Gray\RGB2Gray\Debug\link-rc.read.1.tlog
C:\Users\Eran-Tasker (Sager)\Documents\Visual Studio 2012\Projects\RGB2Gray\RGB2Gray\Debug\link-rc.write.1.tlog
C:\Users\Eran-Tasker (Sager)\Documents\Visual Studio 2012\Projects\RGB2Gray\RGB2Gray\Debug\link.command.1.tlog
C:\Users\Eran-Tasker (Sager)\Documents\Visual Studio 2012\Projects\RGB2Gray\RGB2Gray\Debug\link.read.1.tlog
C:\Users\Eran-Tasker (Sager)\Documents\Visual Studio 2012\Projects\RGB2Gray\RGB2Gray\Debug\link.write.1.tlog
C:\Users\Eran-Tasker (Sager)\Documents\Visual Studio 2012\Projects\RGB2Gray\RGB2Gray\Debug\vc110.idb
C:\Users\Eran-Tasker (Sager)\Documents\Visual Studio 2012\Projects\RGB2Gray\RGB2Gray\Debug\vc110.pdb
C:\Users\Eran-Tasker (Sager)\Documents\Visual Studio 2012\Projects\RGB2Gray\Debug\RGB2Gray.pdb
C:\Users\Eran-Tasker (Sager)\Documents\Visual Studio 2012\Projects\RGB2Gray\Debug\RGB2Gray.exe
C:\Users\Eran-Tasker (Sager)\Documents\Visual Studio 2012\Projects\RGB2Gray\Debug\RGB2Gray.ilk
