C:\USERS\ERAN-TASKER (SAGER)\DOCUMENTS\VISUAL STUDIO 2012\PROJECTS\CUDA BLUR\CUDA BLUR\DEBUG\COMPARE.OBJ
C:\USERS\ERAN-TASKER (SAGER)\DOCUMENTS\VISUAL STUDIO 2012\PROJECTS\CUDA BLUR\CUDA BLUR\DEBUG\HW2.OBJ
C:\USERS\ERAN-TASKER (SAGER)\DOCUMENTS\VISUAL STUDIO 2012\PROJECTS\CUDA BLUR\CUDA BLUR\DEBUG\MAIN.OBJ
C:\USERS\ERAN-TASKER (SAGER)\DOCUMENTS\VISUAL STUDIO 2012\PROJECTS\CUDA BLUR\CUDA BLUR\DEBUG\REFERENCE_CALC.OBJ
C:\USERS\ERAN-TASKER (SAGER)\DOCUMENTS\VISUAL STUDIO 2012\PROJECTS\CUDA BLUR\CUDA BLUR\DEBUG\VC110.PDB
C:\USERS\ERAN-TASKER (SAGER)\DOCUMENTS\VISUAL STUDIO 2012\PROJECTS\CUDA BLUR\DEBUG\CUDA BLUR.ILK
C:\USERS\ERAN-TASKER (SAGER)\DOCUMENTS\VISUAL STUDIO 2012\PROJECTS\CUDA BLUR\DEBUG\CUDA BLUR.EXE
C:\USERS\ERAN-TASKER (SAGER)\DOCUMENTS\VISUAL STUDIO 2012\PROJECTS\CUDA BLUR\DEBUG\CUDA BLUR.PDB
C:\Users\Eran-Tasker (Sager)\documents\visual studio 2012\Projects\CUDA Blur\CUDA Blur\Debug\student_func.cu.cache
C:\Users\Eran-Tasker (Sager)\documents\visual studio 2012\Projects\CUDA Blur\CUDA Blur\Debug\compare.obj
C:\Users\Eran-Tasker (Sager)\documents\visual studio 2012\Projects\CUDA Blur\CUDA Blur\Debug\HW2.obj
C:\Users\Eran-Tasker (Sager)\documents\visual studio 2012\Projects\CUDA Blur\CUDA Blur\Debug\main.obj
C:\Users\Eran-Tasker (Sager)\documents\visual studio 2012\Projects\CUDA Blur\CUDA Blur\Debug\reference_calc.obj
C:\Users\Eran-Tasker (Sager)\documents\visual studio 2012\Projects\CUDA Blur\CUDA Blur\Debug\student_func.cu.obj
C:\Users\Eran-Tasker (Sager)\documents\visual studio 2012\Projects\CUDA Blur\CUDA Blur\Debug\cl.command.1.tlog
C:\Users\Eran-Tasker (Sager)\documents\visual studio 2012\Projects\CUDA Blur\CUDA Blur\Debug\CL.read.1.tlog
C:\Users\Eran-Tasker (Sager)\documents\visual studio 2012\Projects\CUDA Blur\CUDA Blur\Debug\CL.write.1.tlog
C:\Users\Eran-Tasker (Sager)\documents\visual studio 2012\Projects\CUDA Blur\CUDA Blur\Debug\link-cvtres.read.1.tlog
C:\Users\Eran-Tasker (Sager)\documents\visual studio 2012\Projects\CUDA Blur\CUDA Blur\Debug\link-cvtres.write.1.tlog
C:\Users\Eran-Tasker (Sager)\documents\visual studio 2012\Projects\CUDA Blur\CUDA Blur\Debug\link-rc.read.1.tlog
C:\Users\Eran-Tasker (Sager)\documents\visual studio 2012\Projects\CUDA Blur\CUDA Blur\Debug\link-rc.write.1.tlog
C:\Users\Eran-Tasker (Sager)\documents\visual studio 2012\Projects\CUDA Blur\CUDA Blur\Debug\link.command.1.tlog
C:\Users\Eran-Tasker (Sager)\documents\visual studio 2012\Projects\CUDA Blur\CUDA Blur\Debug\link.read.1.tlog
C:\Users\Eran-Tasker (Sager)\documents\visual studio 2012\Projects\CUDA Blur\CUDA Blur\Debug\link.write.1.tlog
C:\Users\Eran-Tasker (Sager)\documents\visual studio 2012\Projects\CUDA Blur\CUDA Blur\Debug\vc110.idb
C:\Users\Eran-Tasker (Sager)\documents\visual studio 2012\Projects\CUDA Blur\CUDA Blur\Debug\vc110.pdb
C:\Users\Eran-Tasker (Sager)\documents\visual studio 2012\Projects\CUDA Blur\Debug\CUDA Blur.pdb
C:\Users\Eran-Tasker (Sager)\documents\visual studio 2012\Projects\CUDA Blur\Debug\CUDA Blur.exe
C:\Users\Eran-Tasker (Sager)\documents\visual studio 2012\Projects\CUDA Blur\Debug\CUDA Blur.ilk
