C:\USERS\ERAN-TASKER (SAGER)\DOCUMENTS\VISUAL STUDIO 2012\PROJECTS\HDR\HDR\DEBUG\COMPARE.OBJ
C:\USERS\ERAN-TASKER (SAGER)\DOCUMENTS\VISUAL STUDIO 2012\PROJECTS\HDR\HDR\DEBUG\LOADSAVEIMAGE.OBJ
C:\USERS\ERAN-TASKER (SAGER)\DOCUMENTS\VISUAL STUDIO 2012\PROJECTS\HDR\HDR\DEBUG\MAIN.OBJ
C:\USERS\ERAN-TASKER (SAGER)\DOCUMENTS\VISUAL STUDIO 2012\PROJECTS\HDR\HDR\DEBUG\REFERENCE_CALC.OBJ
C:\USERS\ERAN-TASKER (SAGER)\DOCUMENTS\VISUAL STUDIO 2012\PROJECTS\HDR\HDR\DEBUG\VC110.PDB
C:\USERS\ERAN-TASKER (SAGER)\DOCUMENTS\VISUAL STUDIO 2012\PROJECTS\HDR\DEBUG\HDR.ILK
C:\USERS\ERAN-TASKER (SAGER)\DOCUMENTS\VISUAL STUDIO 2012\PROJECTS\HDR\DEBUG\HDR.EXE
C:\USERS\ERAN-TASKER (SAGER)\DOCUMENTS\VISUAL STUDIO 2012\PROJECTS\HDR\DEBUG\HDR.PDB
C:\Users\Eran-Tasker (Sager)\Documents\Visual Studio 2012\Projects\CUDA-Projects\HDR\HDR\Debug\HW3.cu.cache
C:\Users\Eran-Tasker (Sager)\Documents\Visual Studio 2012\Projects\CUDA-Projects\HDR\HDR\Debug\student_func.cu.cache
C:\Users\Eran-Tasker (Sager)\Documents\Visual Studio 2012\Projects\CUDA-Projects\HDR\HDR\Debug\compare.obj
C:\Users\Eran-Tasker (Sager)\Documents\Visual Studio 2012\Projects\CUDA-Projects\HDR\HDR\Debug\HW3.cu.obj
C:\Users\Eran-Tasker (Sager)\Documents\Visual Studio 2012\Projects\CUDA-Projects\HDR\HDR\Debug\loadSaveImage.obj
C:\Users\Eran-Tasker (Sager)\Documents\Visual Studio 2012\Projects\CUDA-Projects\HDR\HDR\Debug\main.obj
C:\Users\Eran-Tasker (Sager)\Documents\Visual Studio 2012\Projects\CUDA-Projects\HDR\HDR\Debug\reference_calc.obj
C:\Users\Eran-Tasker (Sager)\Documents\Visual Studio 2012\Projects\CUDA-Projects\HDR\HDR\Debug\student_func.cu.obj
C:\Users\Eran-Tasker (Sager)\Documents\Visual Studio 2012\Projects\CUDA-Projects\HDR\HDR\Debug\cl.command.1.tlog
C:\Users\Eran-Tasker (Sager)\Documents\Visual Studio 2012\Projects\CUDA-Projects\HDR\HDR\Debug\CL.read.1.tlog
C:\Users\Eran-Tasker (Sager)\Documents\Visual Studio 2012\Projects\CUDA-Projects\HDR\HDR\Debug\CL.write.1.tlog
C:\Users\Eran-Tasker (Sager)\Documents\Visual Studio 2012\Projects\CUDA-Projects\HDR\HDR\Debug\link-cvtres.read.1.tlog
C:\Users\Eran-Tasker (Sager)\Documents\Visual Studio 2012\Projects\CUDA-Projects\HDR\HDR\Debug\link-cvtres.write.1.tlog
C:\Users\Eran-Tasker (Sager)\Documents\Visual Studio 2012\Projects\CUDA-Projects\HDR\HDR\Debug\link-rc.read.1.tlog
C:\Users\Eran-Tasker (Sager)\Documents\Visual Studio 2012\Projects\CUDA-Projects\HDR\HDR\Debug\link-rc.write.1.tlog
C:\Users\Eran-Tasker (Sager)\Documents\Visual Studio 2012\Projects\CUDA-Projects\HDR\HDR\Debug\link.12904-cvtres.read.1.tlog
C:\Users\Eran-Tasker (Sager)\Documents\Visual Studio 2012\Projects\CUDA-Projects\HDR\HDR\Debug\link.12904-cvtres.write.1.tlog
C:\Users\Eran-Tasker (Sager)\Documents\Visual Studio 2012\Projects\CUDA-Projects\HDR\HDR\Debug\link.12904-rc.read.1.tlog
C:\Users\Eran-Tasker (Sager)\Documents\Visual Studio 2012\Projects\CUDA-Projects\HDR\HDR\Debug\link.12904-rc.write.1.tlog
C:\Users\Eran-Tasker (Sager)\Documents\Visual Studio 2012\Projects\CUDA-Projects\HDR\HDR\Debug\link.12904.read.1.tlog
C:\Users\Eran-Tasker (Sager)\Documents\Visual Studio 2012\Projects\CUDA-Projects\HDR\HDR\Debug\link.12904.write.1.tlog
C:\Users\Eran-Tasker (Sager)\Documents\Visual Studio 2012\Projects\CUDA-Projects\HDR\HDR\Debug\link.7548-cvtres.read.1.tlog
C:\Users\Eran-Tasker (Sager)\Documents\Visual Studio 2012\Projects\CUDA-Projects\HDR\HDR\Debug\link.7548-cvtres.write.1.tlog
C:\Users\Eran-Tasker (Sager)\Documents\Visual Studio 2012\Projects\CUDA-Projects\HDR\HDR\Debug\link.7548-rc.read.1.tlog
C:\Users\Eran-Tasker (Sager)\Documents\Visual Studio 2012\Projects\CUDA-Projects\HDR\HDR\Debug\link.7548-rc.write.1.tlog
C:\Users\Eran-Tasker (Sager)\Documents\Visual Studio 2012\Projects\CUDA-Projects\HDR\HDR\Debug\link.7548.read.1.tlog
C:\Users\Eran-Tasker (Sager)\Documents\Visual Studio 2012\Projects\CUDA-Projects\HDR\HDR\Debug\link.7548.write.1.tlog
C:\Users\Eran-Tasker (Sager)\Documents\Visual Studio 2012\Projects\CUDA-Projects\HDR\HDR\Debug\link.8012-cvtres.read.1.tlog
C:\Users\Eran-Tasker (Sager)\Documents\Visual Studio 2012\Projects\CUDA-Projects\HDR\HDR\Debug\link.8012-cvtres.write.1.tlog
C:\Users\Eran-Tasker (Sager)\Documents\Visual Studio 2012\Projects\CUDA-Projects\HDR\HDR\Debug\link.8012-rc.read.1.tlog
C:\Users\Eran-Tasker (Sager)\Documents\Visual Studio 2012\Projects\CUDA-Projects\HDR\HDR\Debug\link.8012-rc.write.1.tlog
C:\Users\Eran-Tasker (Sager)\Documents\Visual Studio 2012\Projects\CUDA-Projects\HDR\HDR\Debug\link.8012.read.1.tlog
C:\Users\Eran-Tasker (Sager)\Documents\Visual Studio 2012\Projects\CUDA-Projects\HDR\HDR\Debug\link.8012.write.1.tlog
C:\Users\Eran-Tasker (Sager)\Documents\Visual Studio 2012\Projects\CUDA-Projects\HDR\HDR\Debug\link.command.1.tlog
C:\Users\Eran-Tasker (Sager)\Documents\Visual Studio 2012\Projects\CUDA-Projects\HDR\HDR\Debug\link.read.1.tlog
C:\Users\Eran-Tasker (Sager)\Documents\Visual Studio 2012\Projects\CUDA-Projects\HDR\HDR\Debug\link.write.1.tlog
C:\Users\Eran-Tasker (Sager)\Documents\Visual Studio 2012\Projects\CUDA-Projects\HDR\HDR\Debug\vc110.idb
C:\Users\Eran-Tasker (Sager)\Documents\Visual Studio 2012\Projects\CUDA-Projects\HDR\HDR\Debug\vc110.pdb
C:\Users\Eran-Tasker (Sager)\Documents\Visual Studio 2012\Projects\CUDA-Projects\HDR\Debug\HDR.pdb
C:\Users\Eran-Tasker (Sager)\Documents\Visual Studio 2012\Projects\CUDA-Projects\HDR\Debug\HDR.exe
C:\Users\Eran-Tasker (Sager)\Documents\Visual Studio 2012\Projects\CUDA-Projects\HDR\Debug\HDR.ilk
