C:\USERS\ERAN-TASKER (SAGER)\DOCUMENTS\VISUAL STUDIO 2012\PROJECTS\CUDA BLUR\CUDA BLUR\RELEASE\REFERENCE_CALC.OBJ
C:\USERS\ERAN-TASKER (SAGER)\DOCUMENTS\VISUAL STUDIO 2012\PROJECTS\CUDA BLUR\CUDA BLUR\RELEASE\MAIN.OBJ
C:\USERS\ERAN-TASKER (SAGER)\DOCUMENTS\VISUAL STUDIO 2012\PROJECTS\CUDA BLUR\CUDA BLUR\RELEASE\HW2.OBJ
C:\USERS\ERAN-TASKER (SAGER)\DOCUMENTS\VISUAL STUDIO 2012\PROJECTS\CUDA BLUR\CUDA BLUR\RELEASE\COMPARE.OBJ
C:\USERS\ERAN-TASKER (SAGER)\DOCUMENTS\VISUAL STUDIO 2012\PROJECTS\CUDA BLUR\CUDA BLUR\RELEASE\VC110.PDB
C:\USERS\ERAN-TASKER (SAGER)\DOCUMENTS\VISUAL STUDIO 2012\PROJECTS\CUDA BLUR\RELEASE\CUDA BLUR.EXE
C:\USERS\ERAN-TASKER (SAGER)\DOCUMENTS\VISUAL STUDIO 2012\PROJECTS\CUDA BLUR\RELEASE\CUDA BLUR.PDB
C:\Users\Eran-Tasker (Sager)\Documents\Visual Studio 2012\Projects\CUDA-Projects\CUDA Blur\CUDA Blur\Release\student_func.cu.cache
C:\Users\Eran-Tasker (Sager)\Documents\Visual Studio 2012\Projects\CUDA-Projects\CUDA Blur\CUDA Blur\Release\compare.obj
C:\Users\Eran-Tasker (Sager)\Documents\Visual Studio 2012\Projects\CUDA-Projects\CUDA Blur\CUDA Blur\Release\HW2.obj
C:\Users\Eran-Tasker (Sager)\Documents\Visual Studio 2012\Projects\CUDA-Projects\CUDA Blur\CUDA Blur\Release\main.obj
C:\Users\Eran-Tasker (Sager)\Documents\Visual Studio 2012\Projects\CUDA-Projects\CUDA Blur\CUDA Blur\Release\reference_calc.obj
C:\Users\Eran-Tasker (Sager)\Documents\Visual Studio 2012\Projects\CUDA-Projects\CUDA Blur\CUDA Blur\Release\student_func.cu.obj
C:\Users\Eran-Tasker (Sager)\Documents\Visual Studio 2012\Projects\CUDA-Projects\CUDA Blur\CUDA Blur\Release\cl.command.1.tlog
C:\Users\Eran-Tasker (Sager)\Documents\Visual Studio 2012\Projects\CUDA-Projects\CUDA Blur\CUDA Blur\Release\CL.read.1.tlog
C:\Users\Eran-Tasker (Sager)\Documents\Visual Studio 2012\Projects\CUDA-Projects\CUDA Blur\CUDA Blur\Release\CL.write.1.tlog
C:\Users\Eran-Tasker (Sager)\Documents\Visual Studio 2012\Projects\CUDA-Projects\CUDA Blur\CUDA Blur\Release\link-cvtres.read.1.tlog
C:\Users\Eran-Tasker (Sager)\Documents\Visual Studio 2012\Projects\CUDA-Projects\CUDA Blur\CUDA Blur\Release\link-cvtres.write.1.tlog
C:\Users\Eran-Tasker (Sager)\Documents\Visual Studio 2012\Projects\CUDA-Projects\CUDA Blur\CUDA Blur\Release\link-rc.read.1.tlog
C:\Users\Eran-Tasker (Sager)\Documents\Visual Studio 2012\Projects\CUDA-Projects\CUDA Blur\CUDA Blur\Release\link-rc.write.1.tlog
C:\Users\Eran-Tasker (Sager)\Documents\Visual Studio 2012\Projects\CUDA-Projects\CUDA Blur\CUDA Blur\Release\link.command.1.tlog
C:\Users\Eran-Tasker (Sager)\Documents\Visual Studio 2012\Projects\CUDA-Projects\CUDA Blur\CUDA Blur\Release\link.read.1.tlog
C:\Users\Eran-Tasker (Sager)\Documents\Visual Studio 2012\Projects\CUDA-Projects\CUDA Blur\CUDA Blur\Release\link.write.1.tlog
C:\Users\Eran-Tasker (Sager)\Documents\Visual Studio 2012\Projects\CUDA-Projects\CUDA Blur\CUDA Blur\Release\vc110.pdb
C:\Users\Eran-Tasker (Sager)\Documents\Visual Studio 2012\Projects\CUDA-Projects\CUDA Blur\Release\CUDA Blur.pdb
C:\Users\Eran-Tasker (Sager)\Documents\Visual Studio 2012\Projects\CUDA-Projects\CUDA Blur\Release\CUDA Blur.exe
