C:\USERS\ERAN-TASKER (SAGER)\DOCUMENTS\VISUAL STUDIO 2012\PROJECTS\RGB2GRAY\RGB2GRAY\RELEASE\REFERENCE_CALC.OBJ
C:\USERS\ERAN-TASKER (SAGER)\DOCUMENTS\VISUAL STUDIO 2012\PROJECTS\RGB2GRAY\RGB2GRAY\RELEASE\MAIN.OBJ
C:\USERS\ERAN-TASKER (SAGER)\DOCUMENTS\VISUAL STUDIO 2012\PROJECTS\RGB2GRAY\RGB2GRAY\RELEASE\HW1.OBJ
C:\USERS\ERAN-TASKER (SAGER)\DOCUMENTS\VISUAL STUDIO 2012\PROJECTS\RGB2GRAY\RGB2GRAY\RELEASE\COMPARE.OBJ
C:\USERS\ERAN-TASKER (SAGER)\DOCUMENTS\VISUAL STUDIO 2012\PROJECTS\RGB2GRAY\RGB2GRAY\RELEASE\VC110.PDB
C:\USERS\ERAN-TASKER (SAGER)\DOCUMENTS\VISUAL STUDIO 2012\PROJECTS\RGB2GRAY\RELEASE\RGB2GRAY.EXE
C:\USERS\ERAN-TASKER (SAGER)\DOCUMENTS\VISUAL STUDIO 2012\PROJECTS\RGB2GRAY\RELEASE\RGB2GRAY.PDB
C:\Users\Eran-Tasker (Sager)\Documents\Visual Studio 2012\Projects\CUDA-Projects\RGB2Gray\RGB2Gray\Release\student_func.cu.cache
C:\Users\Eran-Tasker (Sager)\Documents\Visual Studio 2012\Projects\CUDA-Projects\RGB2Gray\RGB2Gray\Release\compare.obj
C:\Users\Eran-Tasker (Sager)\Documents\Visual Studio 2012\Projects\CUDA-Projects\RGB2Gray\RGB2Gray\Release\HW1.obj
C:\Users\Eran-Tasker (Sager)\Documents\Visual Studio 2012\Projects\CUDA-Projects\RGB2Gray\RGB2Gray\Release\main.obj
C:\Users\Eran-Tasker (Sager)\Documents\Visual Studio 2012\Projects\CUDA-Projects\RGB2Gray\RGB2Gray\Release\reference_calc.obj
C:\Users\Eran-Tasker (Sager)\Documents\Visual Studio 2012\Projects\CUDA-Projects\RGB2Gray\RGB2Gray\Release\student_func.cu.obj
C:\Users\Eran-Tasker (Sager)\Documents\Visual Studio 2012\Projects\CUDA-Projects\RGB2Gray\RGB2Gray\Release\cl.command.1.tlog
C:\Users\Eran-Tasker (Sager)\Documents\Visual Studio 2012\Projects\CUDA-Projects\RGB2Gray\RGB2Gray\Release\CL.read.1.tlog
C:\Users\Eran-Tasker (Sager)\Documents\Visual Studio 2012\Projects\CUDA-Projects\RGB2Gray\RGB2Gray\Release\CL.write.1.tlog
C:\Users\Eran-Tasker (Sager)\Documents\Visual Studio 2012\Projects\CUDA-Projects\RGB2Gray\RGB2Gray\Release\link-cvtres.read.1.tlog
C:\Users\Eran-Tasker (Sager)\Documents\Visual Studio 2012\Projects\CUDA-Projects\RGB2Gray\RGB2Gray\Release\link-cvtres.write.1.tlog
C:\Users\Eran-Tasker (Sager)\Documents\Visual Studio 2012\Projects\CUDA-Projects\RGB2Gray\RGB2Gray\Release\link-rc.read.1.tlog
C:\Users\Eran-Tasker (Sager)\Documents\Visual Studio 2012\Projects\CUDA-Projects\RGB2Gray\RGB2Gray\Release\link-rc.write.1.tlog
C:\Users\Eran-Tasker (Sager)\Documents\Visual Studio 2012\Projects\CUDA-Projects\RGB2Gray\RGB2Gray\Release\link.command.1.tlog
C:\Users\Eran-Tasker (Sager)\Documents\Visual Studio 2012\Projects\CUDA-Projects\RGB2Gray\RGB2Gray\Release\link.read.1.tlog
C:\Users\Eran-Tasker (Sager)\Documents\Visual Studio 2012\Projects\CUDA-Projects\RGB2Gray\RGB2Gray\Release\link.write.1.tlog
C:\Users\Eran-Tasker (Sager)\Documents\Visual Studio 2012\Projects\CUDA-Projects\RGB2Gray\RGB2Gray\Release\vc110.pdb
C:\Users\Eran-Tasker (Sager)\Documents\Visual Studio 2012\Projects\CUDA-Projects\RGB2Gray\Release\RGB2Gray.pdb
C:\Users\Eran-Tasker (Sager)\Documents\Visual Studio 2012\Projects\CUDA-Projects\RGB2Gray\Release\RGB2Gray.exe
