Build started 2013-10-28 5:27:34 PM.
     1>Project "C:\Users\Eran-Tasker (Sager)\Documents\Visual Studio 2012\Projects\RGB2Gray\RGB2Gray\RGB2Gray.vcxproj" on node 2 (Build target(s)).
     1>AddCudaCompileDeps:
         C:\Program Files (x86)\Microsoft Visual Studio 11.0\VC\bin\cl.exe /E /nologo /showIncludes /TP /D__CUDACC__ /DWIN32 /DNDEBUG /D_CONSOLE /D_MBCS /IC:\opencv\build\include /I"C:\Program Files\NVIDIA GPU Computing Toolkit\CUDA\v5.5\include" /I"C:\Program Files\NVIDIA GPU Computing Toolkit\CUDA\v5.5\bin" /I"C:\Program Files\NVIDIA GPU Computing Toolkit\CUDA\v5.5\include" /I. /FIcuda_runtime.h /c "C:\Users\Eran-Tasker (Sager)\Documents\Visual Studio 2012\Projects\RGB2Gray\RGB2Gray\student_func.cu" 
       CudaBuild:
         Compiling CUDA source file student_func.cu...
         cmd.exe /C "C:\Users\Eran-Tasker (Sager)\AppData\Local\Temp\tmp6723e650928145588263f1d3cfd04735.cmd"
         "C:\Program Files\NVIDIA GPU Computing Toolkit\CUDA\v5.5\bin\nvcc.exe" -gencode=arch=compute_30,code=\"sm_30,compute_30\" --use-local-env --cl-version 2012 -ccbin "C:\Program Files (x86)\Microsoft Visual Studio 11.0\VC\bin"  -IC:\opencv\build\include -I"C:\Program Files\NVIDIA GPU Computing Toolkit\CUDA\v5.5\include" -I"C:\Program Files\NVIDIA GPU Computing Toolkit\CUDA\v5.5\include"     --keep-dir Release -maxrregcount=0  --machine 32 --compile -cudart static     -DWIN32 -DNDEBUG -D_CONSOLE -D_MBCS -Xcompiler "/EHsc /W3 /nologo /O2 /Zi  /MD  " -o Release\student_func.cu.obj "C:\Users\Eran-Tasker (Sager)\Documents\Visual Studio 2012\Projects\RGB2Gray\RGB2Gray\student_func.cu"
         
         C:\Users\Eran-Tasker (Sager)\Documents\Visual Studio 2012\Projects\RGB2Gray\RGB2Gray>"C:\Program Files\NVIDIA GPU Computing Toolkit\CUDA\v5.5\bin\nvcc.exe" -gencode=arch=compute_30,code=\"sm_30,compute_30\" --use-local-env --cl-version 2012 -ccbin "C:\Program Files (x86)\Microsoft Visual Studio 11.0\VC\bin"  -IC:\opencv\build\include -I"C:\Program Files\NVIDIA GPU Computing Toolkit\CUDA\v5.5\include" -I"C:\Program Files\NVIDIA GPU Computing Toolkit\CUDA\v5.5\include"     --keep-dir Release -maxrregcount=0  --machine 32 --compile -cudart static     -DWIN32 -DNDEBUG -D_CONSOLE -D_MBCS -Xcompiler "/EHsc /W3 /nologo /O2 /Zi  /MD  " -o Release\student_func.cu.obj "C:\Users\Eran-Tasker (Sager)\Documents\Visual Studio 2012\Projects\RGB2Gray\RGB2Gray\student_func.cu" 
       Link:
         C:\Program Files (x86)\Microsoft Visual Studio 11.0\VC\bin\link.exe /ERRORREPORT:PROMPT /OUT:"C:\Users\Eran-Tasker (Sager)\Documents\Visual Studio 2012\Projects\RGB2Gray\Release\RGB2Gray.exe" /NOLOGO /LIBPATH:C:\opencv\build\x86\vc11\lib /LIBPATH:"C:\Program Files\NVIDIA GPU Computing Toolkit\CUDA\v5.5\lib\Win32" cudart.lib kernel32.lib user32.lib gdi32.lib winspool.lib comdlg32.lib advapi32.lib shell32.lib ole32.lib oleaut32.lib uuid.lib odbc32.lib odbccp32.lib opencv_core246.lib opencv_imgproc246.lib opencv_highgui246.lib opencv_ml246.lib opencv_video246.lib opencv_features2d246.lib opencv_calib3d246.lib opencv_objdetect246.lib opencv_contrib246.lib opencv_legacy246.lib opencv_flann246.lib kernel32.lib user32.lib gdi32.lib winspool.lib comdlg32.lib advapi32.lib shell32.lib ole32.lib oleaut32.lib uuid.lib odbc32.lib odbccp32.lib /MANIFEST /MANIFESTUAC:"level='asInvoker' uiAccess='false'" /manifest:embed /DEBUG /PDB:"C:\Users\Eran-Tasker (Sager)\Documents\Visual Studio 2012\Projects\RGB2Gray\Release\RGB2Gray.pdb" /SUBSYSTEM:CONSOLE /OPT:REF /OPT:ICF /LTCG /TLBID:1 /DYNAMICBASE /NXCOMPAT /IMPLIB:"C:\Users\Eran-Tasker (Sager)\Documents\Visual Studio 2012\Projects\RGB2Gray\Release\RGB2Gray.lib" /MACHINE:X86 /SAFESEH Release\student_func.cu.obj
         Release\compare.obj
         Release\HW1.obj
         Release\main.obj
         Release\reference_calc.obj
         Generating code
         Finished generating code
         RGB2Gray.vcxproj -> C:\Users\Eran-Tasker (Sager)\Documents\Visual Studio 2012\Projects\RGB2Gray\Release\RGB2Gray.exe
       PostBuildEvent:
         echo copy "C:\Program Files\NVIDIA GPU Computing Toolkit\CUDA\v5.5\bin\cudart*.dll" "C:\Users\Eran-Tasker (Sager)\Documents\Visual Studio 2012\Projects\RGB2Gray\Release\"
         copy "C:\Program Files\NVIDIA GPU Computing Toolkit\CUDA\v5.5\bin\cudart*.dll" "C:\Users\Eran-Tasker (Sager)\Documents\Visual Studio 2012\Projects\RGB2Gray\Release\"
         :VCEnd
         copy "C:\Program Files\NVIDIA GPU Computing Toolkit\CUDA\v5.5\bin\cudart*.dll" "C:\Users\Eran-Tasker (Sager)\Documents\Visual Studio 2012\Projects\RGB2Gray\Release\"
         C:\Program Files\NVIDIA GPU Computing Toolkit\CUDA\v5.5\bin\cudart32_55.dll
         C:\Program Files\NVIDIA GPU Computing Toolkit\CUDA\v5.5\bin\cudart64_55.dll
                 2 file(s) copied.
     1>Done Building Project "C:\Users\Eran-Tasker (Sager)\Documents\Visual Studio 2012\Projects\RGB2Gray\RGB2Gray\RGB2Gray.vcxproj" (Build target(s)).

Build succeeded.

Time Elapsed 00:00:06.93
